<?xml version="1.0" encoding="UTF-8"?>
<testsuite name="com.feralbytes.games.freecoiljava.ExampleUnitTest" tests="1" skipped="0" failures="0" errors="0" timestamp="2020-05-16T06:49:03" hostname="wolfrage-GP62-2QE" time="0.0">
  <properties/>
  <testcase name="addition_isCorrect" classname="com.feralbytes.games.freecoiljava.ExampleUnitTest" time="0.0"/>
  <system-out><![CDATA[]]></system-out>
  <system-err><![CDATA[]]></system-err>
</testsuite>
